{"c:\\Proyectos\\basepkg\\lib\\db_connection.js":{"path":"c:\\Proyectos\\basepkg\\lib\\db_connection.js","s":{"1":1,"2":1,"3":13,"4":13,"5":13,"6":13,"7":13,"8":13,"9":0,"10":13,"11":0,"12":0,"13":0,"14":0,"15":0,"16":0,"17":0,"18":0,"19":0,"20":12,"21":12,"22":0,"23":12,"24":4,"25":4,"26":4,"27":4,"28":4,"29":4,"30":4,"31":4,"32":4,"33":4,"34":4,"35":4,"36":0,"37":4,"38":1,"39":1,"40":1,"41":1,"42":1,"43":1,"44":1,"45":0,"46":1,"47":1,"48":0,"49":0,"50":0,"51":0,"52":1,"53":1},"b":{"1":[13,0],"2":[0,13],"3":[0,0],"4":[0,0],"5":[0,12],"6":[4,0],"7":[4,0],"8":[4,0],"9":[0,4],"10":[1,0],"11":[0,1],"12":[0,1],"13":[0,0]},"f":{"1":13,"2":13,"3":0,"4":0,"5":12,"6":12,"7":4,"8":4,"9":1,"10":1,"11":1,"12":0},"fnMap":{"1":{"name":"(anonymous_1)","line":17,"loc":{"start":{"line":17,"column":19},"end":{"line":17,"column":41}}},"2":{"name":"(anonymous_2)","line":23,"loc":{"start":{"line":23,"column":27},"end":{"line":23,"column":42}}},"3":{"name":"(anonymous_3)","line":30,"loc":{"start":{"line":30,"column":24},"end":{"line":30,"column":46}}},"4":{"name":"(anonymous_4)","line":37,"loc":{"start":{"line":37,"column":27},"end":{"line":37,"column":42}}},"5":{"name":"(anonymous_5)","line":44,"loc":{"start":{"line":44,"column":21},"end":{"line":44,"column":43}}},"6":{"name":"(anonymous_6)","line":45,"loc":{"start":{"line":45,"column":23},"end":{"line":45,"column":38}}},"7":{"name":"(anonymous_7)","line":52,"loc":{"start":{"line":52,"column":13},"end":{"line":52,"column":40}}},"8":{"name":"(anonymous_8)","line":66,"loc":{"start":{"line":66,"column":26},"end":{"line":66,"column":57}}},"9":{"name":"(anonymous_9)","line":71,"loc":{"start":{"line":71,"column":20},"end":{"line":71,"column":42}}},"10":{"name":"(anonymous_10)","line":78,"loc":{"start":{"line":78,"column":37},"end":{"line":78,"column":57}}},"11":{"name":"(anonymous_11)","line":80,"loc":{"start":{"line":80,"column":37},"end":{"line":80,"column":57}}},"12":{"name":"(anonymous_12)","line":83,"loc":{"start":{"line":83,"column":48},"end":{"line":83,"column":68}}}},"statementMap":{"1":{"start":{"line":9,"column":0},"end":{"line":12,"column":35}},"2":{"start":{"line":14,"column":0},"end":{"line":93,"column":2}},"3":{"start":{"line":18,"column":8},"end":{"line":18,"column":32}},"4":{"start":{"line":19,"column":8},"end":{"line":21,"column":9}},"5":{"start":{"line":20,"column":12},"end":{"line":20,"column":32}},"6":{"start":{"line":22,"column":8},"end":{"line":22,"column":53}},"7":{"start":{"line":23,"column":8},"end":{"line":26,"column":11}},"8":{"start":{"line":24,"column":12},"end":{"line":24,"column":38}},"9":{"start":{"line":24,"column":21},"end":{"line":24,"column":38}},"10":{"start":{"line":25,"column":12},"end":{"line":25,"column":35}},"11":{"start":{"line":31,"column":8},"end":{"line":31,"column":32}},"12":{"start":{"line":32,"column":8},"end":{"line":34,"column":9}},"13":{"start":{"line":33,"column":12},"end":{"line":33,"column":32}},"14":{"start":{"line":35,"column":8},"end":{"line":35,"column":38}},"15":{"start":{"line":36,"column":8},"end":{"line":36,"column":53}},"16":{"start":{"line":37,"column":8},"end":{"line":40,"column":11}},"17":{"start":{"line":38,"column":12},"end":{"line":38,"column":38}},"18":{"start":{"line":38,"column":21},"end":{"line":38,"column":38}},"19":{"start":{"line":39,"column":12},"end":{"line":39,"column":35}},"20":{"start":{"line":45,"column":8},"end":{"line":48,"column":11}},"21":{"start":{"line":46,"column":12},"end":{"line":46,"column":31}},"22":{"start":{"line":46,"column":21},"end":{"line":46,"column":31}},"23":{"start":{"line":47,"column":12},"end":{"line":47,"column":19}},"24":{"start":{"line":53,"column":8},"end":{"line":53,"column":32}},"25":{"start":{"line":54,"column":8},"end":{"line":56,"column":9}},"26":{"start":{"line":55,"column":12},"end":{"line":55,"column":32}},"27":{"start":{"line":57,"column":8},"end":{"line":57,"column":50}},"28":{"start":{"line":58,"column":8},"end":{"line":58,"column":34}},"29":{"start":{"line":59,"column":8},"end":{"line":61,"column":9}},"30":{"start":{"line":60,"column":12},"end":{"line":60,"column":36}},"31":{"start":{"line":62,"column":8},"end":{"line":62,"column":116}},"32":{"start":{"line":63,"column":8},"end":{"line":65,"column":9}},"33":{"start":{"line":64,"column":12},"end":{"line":64,"column":97}},"34":{"start":{"line":66,"column":8},"end":{"line":69,"column":11}},"35":{"start":{"line":67,"column":12},"end":{"line":67,"column":38}},"36":{"start":{"line":67,"column":21},"end":{"line":67,"column":38}},"37":{"start":{"line":68,"column":12},"end":{"line":68,"column":23}},"38":{"start":{"line":72,"column":8},"end":{"line":72,"column":32}},"39":{"start":{"line":73,"column":8},"end":{"line":73,"column":32}},"40":{"start":{"line":74,"column":8},"end":{"line":77,"column":9}},"41":{"start":{"line":75,"column":12},"end":{"line":75,"column":32}},"42":{"start":{"line":76,"column":12},"end":{"line":76,"column":36}},"43":{"start":{"line":78,"column":8},"end":{"line":91,"column":17}},"44":{"start":{"line":79,"column":12},"end":{"line":79,"column":38}},"45":{"start":{"line":79,"column":21},"end":{"line":79,"column":38}},"46":{"start":{"line":80,"column":12},"end":{"line":90,"column":14}},"47":{"start":{"line":81,"column":16},"end":{"line":89,"column":17}},"48":{"start":{"line":83,"column":20},"end":{"line":86,"column":29}},"49":{"start":{"line":84,"column":24},"end":{"line":84,"column":50}},"50":{"start":{"line":84,"column":33},"end":{"line":84,"column":50}},"51":{"start":{"line":85,"column":24},"end":{"line":85,"column":35}},"52":{"start":{"line":88,"column":20},"end":{"line":88,"column":31}},"53":{"start":{"line":95,"column":0},"end":{"line":95,"column":33}}},"branchMap":{"1":{"line":19,"type":"if","locations":[{"start":{"line":19,"column":8},"end":{"line":19,"column":8}},{"start":{"line":19,"column":8},"end":{"line":19,"column":8}}]},"2":{"line":24,"type":"if","locations":[{"start":{"line":24,"column":12},"end":{"line":24,"column":12}},{"start":{"line":24,"column":12},"end":{"line":24,"column":12}}]},"3":{"line":32,"type":"if","locations":[{"start":{"line":32,"column":8},"end":{"line":32,"column":8}},{"start":{"line":32,"column":8},"end":{"line":32,"column":8}}]},"4":{"line":38,"type":"if","locations":[{"start":{"line":38,"column":12},"end":{"line":38,"column":12}},{"start":{"line":38,"column":12},"end":{"line":38,"column":12}}]},"5":{"line":46,"type":"if","locations":[{"start":{"line":46,"column":12},"end":{"line":46,"column":12}},{"start":{"line":46,"column":12},"end":{"line":46,"column":12}}]},"6":{"line":54,"type":"if","locations":[{"start":{"line":54,"column":8},"end":{"line":54,"column":8}},{"start":{"line":54,"column":8},"end":{"line":54,"column":8}}]},"7":{"line":59,"type":"if","locations":[{"start":{"line":59,"column":8},"end":{"line":59,"column":8}},{"start":{"line":59,"column":8},"end":{"line":59,"column":8}}]},"8":{"line":63,"type":"if","locations":[{"start":{"line":63,"column":8},"end":{"line":63,"column":8}},{"start":{"line":63,"column":8},"end":{"line":63,"column":8}}]},"9":{"line":67,"type":"if","locations":[{"start":{"line":67,"column":12},"end":{"line":67,"column":12}},{"start":{"line":67,"column":12},"end":{"line":67,"column":12}}]},"10":{"line":74,"type":"if","locations":[{"start":{"line":74,"column":8},"end":{"line":74,"column":8}},{"start":{"line":74,"column":8},"end":{"line":74,"column":8}}]},"11":{"line":79,"type":"if","locations":[{"start":{"line":79,"column":12},"end":{"line":79,"column":12}},{"start":{"line":79,"column":12},"end":{"line":79,"column":12}}]},"12":{"line":81,"type":"if","locations":[{"start":{"line":81,"column":16},"end":{"line":81,"column":16}},{"start":{"line":81,"column":16},"end":{"line":81,"column":16}}]},"13":{"line":84,"type":"if","locations":[{"start":{"line":84,"column":24},"end":{"line":84,"column":24}},{"start":{"line":84,"column":24},"end":{"line":84,"column":24}}]}}},"c:\\Proyectos\\basepkg\\lib\\user.js":{"path":"c:\\Proyectos\\basepkg\\lib\\user.js","s":{"1":1,"2":1,"3":1,"4":1,"5":0,"6":1,"7":1,"8":1,"9":1,"10":1,"11":1,"12":1,"13":0,"14":1,"15":1,"16":3,"17":1,"18":2,"19":2,"20":0,"21":2,"22":2,"23":2,"24":2,"25":2,"26":2,"27":2,"28":2,"29":2,"30":0,"31":2,"32":2,"33":1,"34":2,"35":2,"36":1,"37":1,"38":1,"39":1,"40":0,"41":1,"42":1,"43":1,"44":1,"45":1,"46":1,"47":0,"48":1,"49":1,"50":1,"51":0,"52":1,"53":1,"54":1,"55":0,"56":1,"57":1,"58":1,"59":1,"60":1,"61":1,"62":0,"63":1,"64":1,"65":1,"66":1,"67":0,"68":1,"69":1,"70":1,"71":1,"72":1,"73":1,"74":0,"75":1,"76":1,"77":6,"78":6,"79":6,"80":6,"81":6,"82":6,"83":1,"84":3,"85":3,"86":2,"87":3,"88":3,"89":3,"90":1,"91":3,"92":3,"93":3,"94":3,"95":3,"96":1},"b":{"1":[0,1],"2":[0,1],"3":[0,2],"4":[0,2],"5":[1,1],"6":[0,1],"7":[0,1],"8":[0,1],"9":[0,1],"10":[0,1],"11":[0,1],"12":[0,1],"13":[2,1],"14":[3,3],"15":[3,2],"16":[3,2]},"f":{"1":1,"2":1,"3":1,"4":3,"5":2,"6":2,"7":2,"8":1,"9":2,"10":1,"11":1,"12":1,"13":1,"14":1,"15":1,"16":1,"17":1,"18":6,"19":3,"20":3},"fnMap":{"1":{"name":"(anonymous_1)","line":6,"loc":{"start":{"line":6,"column":10},"end":{"line":6,"column":32}}},"2":{"name":"(anonymous_2)","line":7,"loc":{"start":{"line":7,"column":28},"end":{"line":7,"column":48}}},"3":{"name":"(anonymous_3)","line":13,"loc":{"start":{"line":13,"column":27},"end":{"line":13,"column":47}}},"4":{"name":"(anonymous_4)","line":17,"loc":{"start":{"line":17,"column":28},"end":{"line":17,"column":43}}},"5":{"name":"(anonymous_5)","line":24,"loc":{"start":{"line":24,"column":13},"end":{"line":24,"column":39}}},"6":{"name":"(anonymous_6)","line":25,"loc":{"start":{"line":25,"column":28},"end":{"line":25,"column":48}}},"7":{"name":"(anonymous_7)","line":33,"loc":{"start":{"line":33,"column":27},"end":{"line":33,"column":47}}},"8":{"name":"(anonymous_8)","line":37,"loc":{"start":{"line":37,"column":28},"end":{"line":37,"column":43}}},"9":{"name":"(anonymous_9)","line":44,"loc":{"start":{"line":44,"column":10},"end":{"line":44,"column":38}}},"10":{"name":"(anonymous_10)","line":51,"loc":{"start":{"line":51,"column":28},"end":{"line":51,"column":48}}},"11":{"name":"(anonymous_11)","line":56,"loc":{"start":{"line":56,"column":27},"end":{"line":56,"column":47}}},"12":{"name":"(anonymous_12)","line":64,"loc":{"start":{"line":64,"column":9},"end":{"line":64,"column":37}}},"13":{"name":"(anonymous_13)","line":70,"loc":{"start":{"line":70,"column":28},"end":{"line":70,"column":48}}},"14":{"name":"(anonymous_14)","line":75,"loc":{"start":{"line":75,"column":27},"end":{"line":75,"column":47}}},"15":{"name":"(anonymous_15)","line":82,"loc":{"start":{"line":82,"column":12},"end":{"line":82,"column":40}}},"16":{"name":"(anonymous_16)","line":84,"loc":{"start":{"line":84,"column":28},"end":{"line":84,"column":48}}},"17":{"name":"(anonymous_17)","line":89,"loc":{"start":{"line":89,"column":27},"end":{"line":89,"column":47}}},"18":{"name":"(anonymous_18)","line":101,"loc":{"start":{"line":101,"column":19},"end":{"line":101,"column":32}}},"19":{"name":"(anonymous_19)","line":117,"loc":{"start":{"line":117,"column":19},"end":{"line":117,"column":32}}},"20":{"name":"(anonymous_20)","line":132,"loc":{"start":{"line":132,"column":18},"end":{"line":132,"column":31}}}},"statementMap":{"1":{"start":{"line":1,"column":0},"end":{"line":2,"column":39}},"2":{"start":{"line":5,"column":0},"end":{"line":96,"column":1}},"3":{"start":{"line":7,"column":8},"end":{"line":22,"column":17}},"4":{"start":{"line":8,"column":12},"end":{"line":8,"column":38}},"5":{"start":{"line":8,"column":21},"end":{"line":8,"column":38}},"6":{"start":{"line":9,"column":12},"end":{"line":9,"column":26}},"7":{"start":{"line":10,"column":12},"end":{"line":10,"column":56}},"8":{"start":{"line":11,"column":12},"end":{"line":11,"column":37}},"9":{"start":{"line":12,"column":12},"end":{"line":12,"column":80}},"10":{"start":{"line":13,"column":12},"end":{"line":21,"column":15}},"11":{"start":{"line":14,"column":16},"end":{"line":14,"column":43}},"12":{"start":{"line":15,"column":16},"end":{"line":15,"column":42}},"13":{"start":{"line":15,"column":25},"end":{"line":15,"column":42}},"14":{"start":{"line":16,"column":16},"end":{"line":16,"column":31}},"15":{"start":{"line":17,"column":16},"end":{"line":19,"column":19}},"16":{"start":{"line":18,"column":20},"end":{"line":18,"column":50}},"17":{"start":{"line":20,"column":16},"end":{"line":20,"column":34}},"18":{"start":{"line":25,"column":8},"end":{"line":42,"column":17}},"19":{"start":{"line":26,"column":12},"end":{"line":26,"column":38}},"20":{"start":{"line":26,"column":21},"end":{"line":26,"column":38}},"21":{"start":{"line":27,"column":12},"end":{"line":27,"column":26}},"22":{"start":{"line":28,"column":12},"end":{"line":28,"column":56}},"23":{"start":{"line":29,"column":12},"end":{"line":29,"column":37}},"24":{"start":{"line":30,"column":12},"end":{"line":30,"column":80}},"25":{"start":{"line":31,"column":12},"end":{"line":31,"column":41}},"26":{"start":{"line":32,"column":12},"end":{"line":32,"column":40}},"27":{"start":{"line":33,"column":12},"end":{"line":41,"column":15}},"28":{"start":{"line":34,"column":16},"end":{"line":34,"column":43}},"29":{"start":{"line":35,"column":16},"end":{"line":35,"column":42}},"30":{"start":{"line":35,"column":25},"end":{"line":35,"column":42}},"31":{"start":{"line":36,"column":16},"end":{"line":36,"column":31}},"32":{"start":{"line":37,"column":16},"end":{"line":39,"column":19}},"33":{"start":{"line":38,"column":20},"end":{"line":38,"column":50}},"34":{"start":{"line":40,"column":16},"end":{"line":40,"column":34}},"35":{"start":{"line":46,"column":8},"end":{"line":48,"column":9}},"36":{"start":{"line":47,"column":12},"end":{"line":47,"column":87}},"37":{"start":{"line":50,"column":8},"end":{"line":50,"column":37}},"38":{"start":{"line":51,"column":8},"end":{"line":62,"column":17}},"39":{"start":{"line":52,"column":12},"end":{"line":52,"column":38}},"40":{"start":{"line":52,"column":21},"end":{"line":52,"column":38}},"41":{"start":{"line":53,"column":12},"end":{"line":53,"column":26}},"42":{"start":{"line":54,"column":12},"end":{"line":54,"column":47}},"43":{"start":{"line":55,"column":12},"end":{"line":55,"column":41}},"44":{"start":{"line":56,"column":12},"end":{"line":61,"column":15}},"45":{"start":{"line":57,"column":16},"end":{"line":57,"column":43}},"46":{"start":{"line":58,"column":16},"end":{"line":58,"column":42}},"47":{"start":{"line":58,"column":25},"end":{"line":58,"column":42}},"48":{"start":{"line":59,"column":16},"end":{"line":59,"column":43}},"49":{"start":{"line":60,"column":16},"end":{"line":60,"column":47}},"50":{"start":{"line":66,"column":8},"end":{"line":68,"column":9}},"51":{"start":{"line":67,"column":12},"end":{"line":67,"column":87}},"52":{"start":{"line":69,"column":8},"end":{"line":69,"column":37}},"53":{"start":{"line":70,"column":8},"end":{"line":80,"column":17}},"54":{"start":{"line":71,"column":12},"end":{"line":71,"column":38}},"55":{"start":{"line":71,"column":21},"end":{"line":71,"column":38}},"56":{"start":{"line":72,"column":12},"end":{"line":72,"column":26}},"57":{"start":{"line":73,"column":12},"end":{"line":73,"column":59}},"58":{"start":{"line":74,"column":12},"end":{"line":74,"column":55}},"59":{"start":{"line":75,"column":12},"end":{"line":79,"column":15}},"60":{"start":{"line":76,"column":16},"end":{"line":76,"column":43}},"61":{"start":{"line":77,"column":16},"end":{"line":77,"column":42}},"62":{"start":{"line":77,"column":25},"end":{"line":77,"column":42}},"63":{"start":{"line":78,"column":16},"end":{"line":78,"column":47}},"64":{"start":{"line":83,"column":8},"end":{"line":83,"column":37}},"65":{"start":{"line":84,"column":8},"end":{"line":94,"column":17}},"66":{"start":{"line":85,"column":12},"end":{"line":85,"column":38}},"67":{"start":{"line":85,"column":21},"end":{"line":85,"column":38}},"68":{"start":{"line":86,"column":12},"end":{"line":86,"column":26}},"69":{"start":{"line":87,"column":12},"end":{"line":87,"column":58}},"70":{"start":{"line":88,"column":12},"end":{"line":88,"column":48}},"71":{"start":{"line":89,"column":12},"end":{"line":93,"column":15}},"72":{"start":{"line":90,"column":16},"end":{"line":90,"column":43}},"73":{"start":{"line":91,"column":16},"end":{"line":91,"column":42}},"74":{"start":{"line":91,"column":25},"end":{"line":91,"column":42}},"75":{"start":{"line":92,"column":16},"end":{"line":92,"column":27}},"76":{"start":{"line":101,"column":0},"end":{"line":113,"column":1}},"77":{"start":{"line":103,"column":4},"end":{"line":103,"column":20}},"78":{"start":{"line":104,"column":4},"end":{"line":107,"column":5}},"79":{"start":{"line":109,"column":4},"end":{"line":109,"column":20}},"80":{"start":{"line":110,"column":4},"end":{"line":110,"column":23}},"81":{"start":{"line":111,"column":4},"end":{"line":111,"column":25}},"82":{"start":{"line":112,"column":4},"end":{"line":112,"column":13}},"83":{"start":{"line":117,"column":0},"end":{"line":128,"column":1}},"84":{"start":{"line":119,"column":4},"end":{"line":119,"column":20}},"85":{"start":{"line":121,"column":4},"end":{"line":123,"column":5}},"86":{"start":{"line":122,"column":8},"end":{"line":122,"column":39}},"87":{"start":{"line":125,"column":4},"end":{"line":125,"column":16}},"88":{"start":{"line":126,"column":4},"end":{"line":126,"column":23}},"89":{"start":{"line":127,"column":4},"end":{"line":127,"column":13}},"90":{"start":{"line":132,"column":0},"end":{"line":138,"column":1}},"91":{"start":{"line":133,"column":4},"end":{"line":133,"column":21}},"92":{"start":{"line":134,"column":4},"end":{"line":134,"column":53}},"93":{"start":{"line":135,"column":4},"end":{"line":135,"column":49}},"94":{"start":{"line":136,"column":4},"end":{"line":136,"column":52}},"95":{"start":{"line":137,"column":4},"end":{"line":137,"column":17}},"96":{"start":{"line":140,"column":0},"end":{"line":140,"column":25}}},"branchMap":{"1":{"line":8,"type":"if","locations":[{"start":{"line":8,"column":12},"end":{"line":8,"column":12}},{"start":{"line":8,"column":12},"end":{"line":8,"column":12}}]},"2":{"line":15,"type":"if","locations":[{"start":{"line":15,"column":16},"end":{"line":15,"column":16}},{"start":{"line":15,"column":16},"end":{"line":15,"column":16}}]},"3":{"line":26,"type":"if","locations":[{"start":{"line":26,"column":12},"end":{"line":26,"column":12}},{"start":{"line":26,"column":12},"end":{"line":26,"column":12}}]},"4":{"line":35,"type":"if","locations":[{"start":{"line":35,"column":16},"end":{"line":35,"column":16}},{"start":{"line":35,"column":16},"end":{"line":35,"column":16}}]},"5":{"line":46,"type":"if","locations":[{"start":{"line":46,"column":8},"end":{"line":46,"column":8}},{"start":{"line":46,"column":8},"end":{"line":46,"column":8}}]},"6":{"line":52,"type":"if","locations":[{"start":{"line":52,"column":12},"end":{"line":52,"column":12}},{"start":{"line":52,"column":12},"end":{"line":52,"column":12}}]},"7":{"line":58,"type":"if","locations":[{"start":{"line":58,"column":16},"end":{"line":58,"column":16}},{"start":{"line":58,"column":16},"end":{"line":58,"column":16}}]},"8":{"line":66,"type":"if","locations":[{"start":{"line":66,"column":8},"end":{"line":66,"column":8}},{"start":{"line":66,"column":8},"end":{"line":66,"column":8}}]},"9":{"line":71,"type":"if","locations":[{"start":{"line":71,"column":12},"end":{"line":71,"column":12}},{"start":{"line":71,"column":12},"end":{"line":71,"column":12}}]},"10":{"line":77,"type":"if","locations":[{"start":{"line":77,"column":16},"end":{"line":77,"column":16}},{"start":{"line":77,"column":16},"end":{"line":77,"column":16}}]},"11":{"line":85,"type":"if","locations":[{"start":{"line":85,"column":12},"end":{"line":85,"column":12}},{"start":{"line":85,"column":12},"end":{"line":85,"column":12}}]},"12":{"line":91,"type":"if","locations":[{"start":{"line":91,"column":16},"end":{"line":91,"column":16}},{"start":{"line":91,"column":16},"end":{"line":91,"column":16}}]},"13":{"line":121,"type":"if","locations":[{"start":{"line":121,"column":4},"end":{"line":121,"column":4}},{"start":{"line":121,"column":4},"end":{"line":121,"column":4}}]},"14":{"line":134,"type":"binary-expr","locations":[{"start":{"line":134,"column":13},"end":{"line":134,"column":18}},{"start":{"line":134,"column":22},"end":{"line":134,"column":51}}]},"15":{"line":135,"type":"binary-expr","locations":[{"start":{"line":135,"column":13},"end":{"line":135,"column":18}},{"start":{"line":135,"column":22},"end":{"line":135,"column":47}}]},"16":{"line":136,"type":"binary-expr","locations":[{"start":{"line":136,"column":13},"end":{"line":136,"column":18}},{"start":{"line":136,"column":22},"end":{"line":136,"column":50}}]}}},"c:\\Proyectos\\basepkg\\lib\\user_group.js":{"path":"c:\\Proyectos\\basepkg\\lib\\user_group.js","s":{"1":1,"2":1,"3":1,"4":1,"5":0,"6":1,"7":1,"8":1,"9":1,"10":1,"11":0,"12":1,"13":1,"14":3,"15":1,"16":2,"17":2,"18":0,"19":2,"20":2,"21":2,"22":2,"23":2,"24":2,"25":0,"26":2,"27":2,"28":1,"29":2,"30":1,"31":1,"32":1,"33":0,"34":1,"35":1,"36":1,"37":1,"38":1,"39":1,"40":0,"41":1,"42":1,"43":1,"44":1,"45":1,"46":0,"47":1,"48":1,"49":1,"50":1,"51":1,"52":1,"53":0,"54":1,"55":1,"56":1,"57":1,"58":0,"59":1,"60":1,"61":1,"62":1,"63":1,"64":1,"65":0,"66":1,"67":1,"68":6,"69":6,"70":1,"71":3,"72":3,"73":3,"74":1},"b":{"1":[0,1],"2":[0,1],"3":[0,2],"4":[0,2],"5":[0,1],"6":[0,1],"7":[0,1],"8":[0,1],"9":[0,1],"10":[0,1]},"f":{"1":1,"2":1,"3":1,"4":3,"5":2,"6":2,"7":2,"8":1,"9":1,"10":1,"11":1,"12":1,"13":1,"14":1,"15":1,"16":1,"17":1,"18":6,"19":3},"fnMap":{"1":{"name":"(anonymous_1)","line":12,"loc":{"start":{"line":12,"column":9},"end":{"line":12,"column":31}}},"2":{"name":"(anonymous_2)","line":13,"loc":{"start":{"line":13,"column":28},"end":{"line":13,"column":48}}},"3":{"name":"(anonymous_3)","line":17,"loc":{"start":{"line":17,"column":27},"end":{"line":17,"column":47}}},"4":{"name":"(anonymous_4)","line":21,"loc":{"start":{"line":21,"column":28},"end":{"line":21,"column":43}}},"5":{"name":"(anonymous_5)","line":28,"loc":{"start":{"line":28,"column":13},"end":{"line":28,"column":39}}},"6":{"name":"(anonymous_6)","line":29,"loc":{"start":{"line":29,"column":28},"end":{"line":29,"column":48}}},"7":{"name":"(anonymous_7)","line":34,"loc":{"start":{"line":34,"column":27},"end":{"line":34,"column":47}}},"8":{"name":"(anonymous_8)","line":38,"loc":{"start":{"line":38,"column":28},"end":{"line":38,"column":43}}},"9":{"name":"(anonymous_9)","line":45,"loc":{"start":{"line":45,"column":10},"end":{"line":45,"column":43}}},"10":{"name":"(anonymous_10)","line":48,"loc":{"start":{"line":48,"column":28},"end":{"line":48,"column":48}}},"11":{"name":"(anonymous_11)","line":53,"loc":{"start":{"line":53,"column":27},"end":{"line":53,"column":47}}},"12":{"name":"(anonymous_12)","line":61,"loc":{"start":{"line":61,"column":9},"end":{"line":61,"column":42}}},"13":{"name":"(anonymous_13)","line":63,"loc":{"start":{"line":63,"column":28},"end":{"line":63,"column":48}}},"14":{"name":"(anonymous_14)","line":68,"loc":{"start":{"line":68,"column":27},"end":{"line":68,"column":47}}},"15":{"name":"(anonymous_15)","line":75,"loc":{"start":{"line":75,"column":12},"end":{"line":75,"column":45}}},"16":{"name":"(anonymous_16)","line":77,"loc":{"start":{"line":77,"column":28},"end":{"line":77,"column":48}}},"17":{"name":"(anonymous_17)","line":82,"loc":{"start":{"line":82,"column":27},"end":{"line":82,"column":47}}},"18":{"name":"(anonymous_18)","line":93,"loc":{"start":{"line":93,"column":24},"end":{"line":93,"column":39}}},"19":{"name":"(anonymous_19)","line":103,"loc":{"start":{"line":103,"column":24},"end":{"line":103,"column":37}}}},"statementMap":{"1":{"start":{"line":8,"column":0},"end":{"line":9,"column":39}},"2":{"start":{"line":11,"column":0},"end":{"line":89,"column":2}},"3":{"start":{"line":13,"column":8},"end":{"line":26,"column":17}},"4":{"start":{"line":14,"column":12},"end":{"line":14,"column":38}},"5":{"start":{"line":14,"column":21},"end":{"line":14,"column":38}},"6":{"start":{"line":15,"column":12},"end":{"line":15,"column":26}},"7":{"start":{"line":16,"column":12},"end":{"line":16,"column":49}},"8":{"start":{"line":17,"column":12},"end":{"line":25,"column":15}},"9":{"start":{"line":18,"column":16},"end":{"line":18,"column":43}},"10":{"start":{"line":19,"column":16},"end":{"line":19,"column":42}},"11":{"start":{"line":19,"column":25},"end":{"line":19,"column":42}},"12":{"start":{"line":20,"column":16},"end":{"line":20,"column":32}},"13":{"start":{"line":21,"column":16},"end":{"line":23,"column":19}},"14":{"start":{"line":22,"column":20},"end":{"line":22,"column":56}},"15":{"start":{"line":24,"column":16},"end":{"line":24,"column":35}},"16":{"start":{"line":29,"column":8},"end":{"line":43,"column":17}},"17":{"start":{"line":30,"column":12},"end":{"line":30,"column":38}},"18":{"start":{"line":30,"column":21},"end":{"line":30,"column":38}},"19":{"start":{"line":31,"column":12},"end":{"line":31,"column":26}},"20":{"start":{"line":32,"column":12},"end":{"line":32,"column":71}},"21":{"start":{"line":33,"column":12},"end":{"line":33,"column":40}},"22":{"start":{"line":34,"column":12},"end":{"line":42,"column":15}},"23":{"start":{"line":35,"column":16},"end":{"line":35,"column":43}},"24":{"start":{"line":36,"column":16},"end":{"line":36,"column":42}},"25":{"start":{"line":36,"column":25},"end":{"line":36,"column":42}},"26":{"start":{"line":37,"column":16},"end":{"line":37,"column":32}},"27":{"start":{"line":38,"column":16},"end":{"line":40,"column":19}},"28":{"start":{"line":39,"column":20},"end":{"line":39,"column":56}},"29":{"start":{"line":41,"column":16},"end":{"line":41,"column":35}},"30":{"start":{"line":47,"column":8},"end":{"line":47,"column":47}},"31":{"start":{"line":48,"column":8},"end":{"line":59,"column":17}},"32":{"start":{"line":49,"column":12},"end":{"line":49,"column":38}},"33":{"start":{"line":49,"column":21},"end":{"line":49,"column":38}},"34":{"start":{"line":50,"column":12},"end":{"line":50,"column":26}},"35":{"start":{"line":51,"column":12},"end":{"line":51,"column":53}},"36":{"start":{"line":52,"column":12},"end":{"line":52,"column":41}},"37":{"start":{"line":53,"column":12},"end":{"line":58,"column":15}},"38":{"start":{"line":54,"column":16},"end":{"line":54,"column":43}},"39":{"start":{"line":55,"column":16},"end":{"line":55,"column":42}},"40":{"start":{"line":55,"column":25},"end":{"line":55,"column":42}},"41":{"start":{"line":56,"column":16},"end":{"line":56,"column":53}},"42":{"start":{"line":57,"column":16},"end":{"line":57,"column":57}},"43":{"start":{"line":62,"column":8},"end":{"line":62,"column":47}},"44":{"start":{"line":63,"column":8},"end":{"line":73,"column":17}},"45":{"start":{"line":64,"column":12},"end":{"line":64,"column":38}},"46":{"start":{"line":64,"column":21},"end":{"line":64,"column":38}},"47":{"start":{"line":65,"column":12},"end":{"line":65,"column":26}},"48":{"start":{"line":66,"column":12},"end":{"line":66,"column":70}},"49":{"start":{"line":67,"column":12},"end":{"line":67,"column":60}},"50":{"start":{"line":68,"column":12},"end":{"line":72,"column":15}},"51":{"start":{"line":69,"column":16},"end":{"line":69,"column":43}},"52":{"start":{"line":70,"column":16},"end":{"line":70,"column":42}},"53":{"start":{"line":70,"column":25},"end":{"line":70,"column":42}},"54":{"start":{"line":71,"column":16},"end":{"line":71,"column":57}},"55":{"start":{"line":76,"column":8},"end":{"line":76,"column":47}},"56":{"start":{"line":77,"column":8},"end":{"line":87,"column":17}},"57":{"start":{"line":78,"column":12},"end":{"line":78,"column":38}},"58":{"start":{"line":78,"column":21},"end":{"line":78,"column":38}},"59":{"start":{"line":79,"column":12},"end":{"line":79,"column":26}},"60":{"start":{"line":80,"column":12},"end":{"line":80,"column":69}},"61":{"start":{"line":81,"column":12},"end":{"line":81,"column":53}},"62":{"start":{"line":82,"column":12},"end":{"line":86,"column":15}},"63":{"start":{"line":83,"column":16},"end":{"line":83,"column":43}},"64":{"start":{"line":84,"column":16},"end":{"line":84,"column":42}},"65":{"start":{"line":84,"column":25},"end":{"line":84,"column":42}},"66":{"start":{"line":85,"column":16},"end":{"line":85,"column":27}},"67":{"start":{"line":93,"column":0},"end":{"line":99,"column":1}},"68":{"start":{"line":94,"column":4},"end":{"line":97,"column":5}},"69":{"start":{"line":98,"column":4},"end":{"line":98,"column":13}},"70":{"start":{"line":103,"column":0},"end":{"line":109,"column":1}},"71":{"start":{"line":105,"column":4},"end":{"line":105,"column":25}},"72":{"start":{"line":107,"column":4},"end":{"line":107,"column":16}},"73":{"start":{"line":108,"column":4},"end":{"line":108,"column":13}},"74":{"start":{"line":112,"column":0},"end":{"line":112,"column":30}}},"branchMap":{"1":{"line":14,"type":"if","locations":[{"start":{"line":14,"column":12},"end":{"line":14,"column":12}},{"start":{"line":14,"column":12},"end":{"line":14,"column":12}}]},"2":{"line":19,"type":"if","locations":[{"start":{"line":19,"column":16},"end":{"line":19,"column":16}},{"start":{"line":19,"column":16},"end":{"line":19,"column":16}}]},"3":{"line":30,"type":"if","locations":[{"start":{"line":30,"column":12},"end":{"line":30,"column":12}},{"start":{"line":30,"column":12},"end":{"line":30,"column":12}}]},"4":{"line":36,"type":"if","locations":[{"start":{"line":36,"column":16},"end":{"line":36,"column":16}},{"start":{"line":36,"column":16},"end":{"line":36,"column":16}}]},"5":{"line":49,"type":"if","locations":[{"start":{"line":49,"column":12},"end":{"line":49,"column":12}},{"start":{"line":49,"column":12},"end":{"line":49,"column":12}}]},"6":{"line":55,"type":"if","locations":[{"start":{"line":55,"column":16},"end":{"line":55,"column":16}},{"start":{"line":55,"column":16},"end":{"line":55,"column":16}}]},"7":{"line":64,"type":"if","locations":[{"start":{"line":64,"column":12},"end":{"line":64,"column":12}},{"start":{"line":64,"column":12},"end":{"line":64,"column":12}}]},"8":{"line":70,"type":"if","locations":[{"start":{"line":70,"column":16},"end":{"line":70,"column":16}},{"start":{"line":70,"column":16},"end":{"line":70,"column":16}}]},"9":{"line":78,"type":"if","locations":[{"start":{"line":78,"column":12},"end":{"line":78,"column":12}},{"start":{"line":78,"column":12},"end":{"line":78,"column":12}}]},"10":{"line":84,"type":"if","locations":[{"start":{"line":84,"column":16},"end":{"line":84,"column":16}},{"start":{"line":84,"column":16},"end":{"line":84,"column":16}}]}}}}