TN:
SF:c:\ASW\basepkg\lib\db_connection.js
FN:17,(anonymous_1)
FN:23,(anonymous_2)
FN:30,(anonymous_3)
FN:37,(anonymous_4)
FN:44,(anonymous_5)
FN:45,(anonymous_6)
FN:52,(anonymous_7)
FN:66,(anonymous_8)
FN:71,(anonymous_9)
FN:78,(anonymous_10)
FN:80,(anonymous_11)
FN:84,(anonymous_12)
FNF:12
FNH:9
FNDA:13,(anonymous_1)
FNDA:13,(anonymous_2)
FNDA:0,(anonymous_3)
FNDA:0,(anonymous_4)
FNDA:12,(anonymous_5)
FNDA:12,(anonymous_6)
FNDA:4,(anonymous_7)
FNDA:4,(anonymous_8)
FNDA:1,(anonymous_9)
FNDA:1,(anonymous_10)
FNDA:1,(anonymous_11)
FNDA:0,(anonymous_12)
DA:9,1
DA:14,1
DA:18,13
DA:19,13
DA:20,13
DA:22,13
DA:23,13
DA:24,13
DA:25,13
DA:31,0
DA:32,0
DA:33,0
DA:35,0
DA:36,0
DA:37,0
DA:38,0
DA:39,0
DA:45,12
DA:46,12
DA:47,12
DA:53,4
DA:54,4
DA:55,4
DA:57,4
DA:58,4
DA:59,4
DA:60,4
DA:62,4
DA:63,4
DA:64,4
DA:66,4
DA:67,4
DA:68,4
DA:72,1
DA:73,1
DA:74,1
DA:75,1
DA:76,1
DA:78,1
DA:79,1
DA:80,1
DA:81,1
DA:82,1
DA:84,0
DA:85,0
DA:86,0
DA:89,1
DA:96,1
LF:48
LH:37
BRDA:19,1,0,13
BRDA:19,1,1,0
BRDA:24,2,0,0
BRDA:24,2,1,13
BRDA:32,3,0,0
BRDA:32,3,1,0
BRDA:38,4,0,0
BRDA:38,4,1,0
BRDA:46,5,0,0
BRDA:46,5,1,12
BRDA:54,6,0,4
BRDA:54,6,1,0
BRDA:59,7,0,4
BRDA:59,7,1,0
BRDA:63,8,0,4
BRDA:63,8,1,0
BRDA:67,9,0,0
BRDA:67,9,1,4
BRDA:74,10,0,1
BRDA:74,10,1,0
BRDA:79,11,0,0
BRDA:79,11,1,1
BRDA:82,12,0,0
BRDA:82,12,1,1
BRDA:85,13,0,0
BRDA:85,13,1,0
BRF:26
BRH:10
end_of_record
TN:
SF:c:\ASW\basepkg\lib\user.js
FN:6,(anonymous_1)
FN:7,(anonymous_2)
FN:13,(anonymous_3)
FN:17,(anonymous_4)
FN:24,(anonymous_5)
FN:25,(anonymous_6)
FN:33,(anonymous_7)
FN:37,(anonymous_8)
FN:44,(anonymous_9)
FN:51,(anonymous_10)
FN:56,(anonymous_11)
FN:64,(anonymous_12)
FN:70,(anonymous_13)
FN:75,(anonymous_14)
FN:82,(anonymous_15)
FN:84,(anonymous_16)
FN:89,(anonymous_17)
FN:101,(anonymous_18)
FN:117,(anonymous_19)
FN:132,(anonymous_20)
FNF:20
FNH:20
FNDA:1,(anonymous_1)
FNDA:1,(anonymous_2)
FNDA:1,(anonymous_3)
FNDA:3,(anonymous_4)
FNDA:2,(anonymous_5)
FNDA:2,(anonymous_6)
FNDA:2,(anonymous_7)
FNDA:1,(anonymous_8)
FNDA:2,(anonymous_9)
FNDA:1,(anonymous_10)
FNDA:1,(anonymous_11)
FNDA:1,(anonymous_12)
FNDA:1,(anonymous_13)
FNDA:1,(anonymous_14)
FNDA:1,(anonymous_15)
FNDA:1,(anonymous_16)
FNDA:1,(anonymous_17)
FNDA:6,(anonymous_18)
FNDA:3,(anonymous_19)
FNDA:3,(anonymous_20)
DA:1,1
DA:5,1
DA:7,1
DA:8,1
DA:9,1
DA:10,1
DA:11,1
DA:12,1
DA:13,1
DA:14,1
DA:15,1
DA:16,1
DA:17,1
DA:18,3
DA:20,1
DA:25,2
DA:26,2
DA:27,2
DA:28,2
DA:29,2
DA:30,2
DA:31,2
DA:32,2
DA:33,2
DA:34,2
DA:35,2
DA:36,2
DA:37,2
DA:38,1
DA:40,2
DA:46,2
DA:47,1
DA:50,1
DA:51,1
DA:52,1
DA:53,1
DA:54,1
DA:55,1
DA:56,1
DA:57,1
DA:58,1
DA:59,1
DA:60,1
DA:66,1
DA:67,0
DA:69,1
DA:70,1
DA:71,1
DA:72,1
DA:73,1
DA:74,1
DA:75,1
DA:76,1
DA:77,1
DA:78,1
DA:83,1
DA:84,1
DA:85,1
DA:86,1
DA:87,1
DA:88,1
DA:89,1
DA:90,1
DA:91,1
DA:92,1
DA:101,1
DA:103,6
DA:104,6
DA:109,6
DA:110,6
DA:111,6
DA:112,6
DA:117,1
DA:119,3
DA:121,3
DA:122,2
DA:125,3
DA:126,3
DA:127,3
DA:132,1
DA:133,3
DA:134,3
DA:135,3
DA:136,3
DA:137,3
DA:140,1
LF:86
LH:85
BRDA:8,1,0,0
BRDA:8,1,1,1
BRDA:15,2,0,0
BRDA:15,2,1,1
BRDA:26,3,0,0
BRDA:26,3,1,2
BRDA:35,4,0,0
BRDA:35,4,1,2
BRDA:46,5,0,1
BRDA:46,5,1,1
BRDA:52,6,0,0
BRDA:52,6,1,1
BRDA:58,7,0,0
BRDA:58,7,1,1
BRDA:66,8,0,0
BRDA:66,8,1,1
BRDA:71,9,0,0
BRDA:71,9,1,1
BRDA:77,10,0,0
BRDA:77,10,1,1
BRDA:85,11,0,0
BRDA:85,11,1,1
BRDA:91,12,0,0
BRDA:91,12,1,1
BRDA:121,13,0,2
BRDA:121,13,1,1
BRDA:134,14,0,3
BRDA:134,14,1,3
BRDA:135,15,0,3
BRDA:135,15,1,2
BRDA:136,16,0,3
BRDA:136,16,1,2
BRF:32
BRH:21
end_of_record
TN:
SF:c:\ASW\basepkg\lib\user_group.js
FN:12,(anonymous_1)
FN:13,(anonymous_2)
FN:17,(anonymous_3)
FN:21,(anonymous_4)
FN:28,(anonymous_5)
FN:29,(anonymous_6)
FN:34,(anonymous_7)
FN:38,(anonymous_8)
FN:45,(anonymous_9)
FN:48,(anonymous_10)
FN:53,(anonymous_11)
FN:61,(anonymous_12)
FN:63,(anonymous_13)
FN:68,(anonymous_14)
FN:75,(anonymous_15)
FN:77,(anonymous_16)
FN:82,(anonymous_17)
FN:93,(anonymous_18)
FN:103,(anonymous_19)
FNF:19
FNH:19
FNDA:1,(anonymous_1)
FNDA:1,(anonymous_2)
FNDA:1,(anonymous_3)
FNDA:3,(anonymous_4)
FNDA:2,(anonymous_5)
FNDA:2,(anonymous_6)
FNDA:2,(anonymous_7)
FNDA:1,(anonymous_8)
FNDA:1,(anonymous_9)
FNDA:1,(anonymous_10)
FNDA:1,(anonymous_11)
FNDA:1,(anonymous_12)
FNDA:1,(anonymous_13)
FNDA:1,(anonymous_14)
FNDA:1,(anonymous_15)
FNDA:1,(anonymous_16)
FNDA:1,(anonymous_17)
FNDA:6,(anonymous_18)
FNDA:3,(anonymous_19)
DA:8,1
DA:11,1
DA:13,1
DA:14,1
DA:15,1
DA:16,1
DA:17,1
DA:18,1
DA:19,1
DA:20,1
DA:21,1
DA:22,3
DA:24,1
DA:29,2
DA:30,2
DA:31,2
DA:32,2
DA:33,2
DA:34,2
DA:35,2
DA:36,2
DA:37,2
DA:38,2
DA:39,1
DA:41,2
DA:47,1
DA:48,1
DA:49,1
DA:50,1
DA:51,1
DA:52,1
DA:53,1
DA:54,1
DA:55,1
DA:56,1
DA:57,1
DA:62,1
DA:63,1
DA:64,1
DA:65,1
DA:66,1
DA:67,1
DA:68,1
DA:69,1
DA:70,1
DA:71,1
DA:76,1
DA:77,1
DA:78,1
DA:79,1
DA:80,1
DA:81,1
DA:82,1
DA:83,1
DA:84,1
DA:85,1
DA:93,1
DA:94,6
DA:98,6
DA:103,1
DA:105,3
DA:107,3
DA:108,3
DA:112,1
LF:64
LH:64
BRDA:14,1,0,0
BRDA:14,1,1,1
BRDA:19,2,0,0
BRDA:19,2,1,1
BRDA:30,3,0,0
BRDA:30,3,1,2
BRDA:36,4,0,0
BRDA:36,4,1,2
BRDA:49,5,0,0
BRDA:49,5,1,1
BRDA:55,6,0,0
BRDA:55,6,1,1
BRDA:64,7,0,0
BRDA:64,7,1,1
BRDA:70,8,0,0
BRDA:70,8,1,1
BRDA:78,9,0,0
BRDA:78,9,1,1
BRDA:84,10,0,0
BRDA:84,10,1,1
BRF:20
BRH:10
end_of_record
